[0m09:09:15.913468 [debug] [MainThread]: Sending event: {'category': 'dbt', 'action': 'invocation', 'label': 'start', 'context': [<snowplow_tracker.self_describing_json.SelfDescribingJson object at 0x7f828e42d750>, <snowplow_tracker.self_describing_json.SelfDescribingJson object at 0x7f828e4e0190>, <snowplow_tracker.self_describing_json.SelfDescribingJson object at 0x7f828d7726e0>]}


============================== 09:09:15.917196 | b4bdd2f7-fb55-43d8-ae20-d493493ce5be ==============================
[0m09:09:15.917196 [info ] [MainThread]: Running with dbt=1.9.3
[0m09:09:15.917757 [debug] [MainThread]: running dbt with arguments {'printer_width': '80', 'indirect_selection': 'eager', 'write_json': 'True', 'log_cache_events': 'False', 'partial_parse': 'True', 'cache_selected_only': 'False', 'profiles_dir': '/home/agung_msbu/.dbt', 'debug': 'False', 'fail_fast': 'False', 'log_path': 'logs', 'version_check': 'True', 'warn_error': 'None', 'use_colors': 'True', 'use_experimental_parser': 'False', 'no_print': 'None', 'quiet': 'False', 'empty': 'None', 'warn_error_options': 'WarnErrorOptions(include=[], exclude=[])', 'static_parser': 'True', 'invocation_command': 'dbt init', 'log_format': 'default', 'target_path': 'None', 'introspect': 'True', 'send_anonymous_usage_stats': 'True'}
[0m09:09:55.330968 [debug] [MainThread]: Starter project path: /home/agung_msbu/.local/lib/python3.10/site-packages/dbt/include/starter_project
[0m09:09:55.344655 [info ] [MainThread]: 
Your new dbt project "simple_ecommerce_dw" was created!

For more information on how to configure the profiles.yml file,
please consult the dbt documentation here:

  https://docs.getdbt.com/docs/configure-your-profile

One more thing:

Need help? Don't hesitate to reach out to us via GitHub issues or on Slack:

  https://community.getdbt.com/

Happy modeling!

[0m09:09:55.345181 [info ] [MainThread]: Setting up your profile.
[0m09:14:35.252018 [info ] [MainThread]: Profile simple_ecommerce_dw written to /home/agung_msbu/.dbt/profiles.yml using target's profile_template.yml and your supplied values. Run 'dbt debug' to validate the connection.
[0m09:14:35.258913 [debug] [MainThread]: Resource report: {"command_name": "init", "command_success": true, "command_wall_clock_time": 319.42038, "process_in_blocks": "69160", "process_kernel_time": 0.100848, "process_mem_max_rss": "92608", "process_out_blocks": "88", "process_user_time": 1.169839}
[0m09:14:35.259827 [debug] [MainThread]: Command `dbt init` succeeded at 09:14:35.259698 after 319.42 seconds
[0m09:14:35.260371 [debug] [MainThread]: Sending event: {'category': 'dbt', 'action': 'invocation', 'label': 'end', 'context': [<snowplow_tracker.self_describing_json.SelfDescribingJson object at 0x7f828e42d750>, <snowplow_tracker.self_describing_json.SelfDescribingJson object at 0x7f828e4e0040>, <snowplow_tracker.self_describing_json.SelfDescribingJson object at 0x7f828d5e2470>]}
[0m09:14:35.260854 [debug] [MainThread]: Flushing usage events
[0m09:14:39.096061 [debug] [MainThread]: An error was encountered while trying to flush usage events
[0m09:14:45.193247 [debug] [MainThread]: Sending event: {'category': 'dbt', 'action': 'invocation', 'label': 'start', 'context': [<snowplow_tracker.self_describing_json.SelfDescribingJson object at 0x7feada519780>, <snowplow_tracker.self_describing_json.SelfDescribingJson object at 0x7fead968b970>, <snowplow_tracker.self_describing_json.SelfDescribingJson object at 0x7fead9688040>]}


============================== 09:14:45.196448 | 548afc3f-d9f4-4107-b537-c8694f04060c ==============================
[0m09:14:45.196448 [info ] [MainThread]: Running with dbt=1.9.3
[0m09:14:45.196972 [debug] [MainThread]: running dbt with arguments {'printer_width': '80', 'indirect_selection': 'eager', 'log_cache_events': 'False', 'write_json': 'True', 'partial_parse': 'True', 'cache_selected_only': 'False', 'profiles_dir': '/home/agung_msbu/.dbt', 'version_check': 'True', 'fail_fast': 'False', 'log_path': 'logs', 'warn_error': 'None', 'debug': 'False', 'use_colors': 'True', 'use_experimental_parser': 'False', 'empty': 'None', 'quiet': 'False', 'no_print': 'None', 'log_format': 'default', 'static_parser': 'True', 'invocation_command': 'dbt debug', 'introspect': 'True', 'target_path': 'None', 'warn_error_options': 'WarnErrorOptions(include=[], exclude=[])', 'send_anonymous_usage_stats': 'True'}
[0m09:14:45.219397 [info ] [MainThread]: dbt version: 1.9.3
[0m09:14:45.219879 [info ] [MainThread]: python version: 3.10.12
[0m09:14:45.220254 [info ] [MainThread]: python path: /usr/bin/python3
[0m09:14:45.220606 [info ] [MainThread]: os info: Linux-5.15.167.4-microsoft-standard-WSL2-x86_64-with-glibc2.35
[0m09:14:45.225432 [info ] [MainThread]: Error importing adapter: No module named 'dbt.adapters.snowflake'
[0m09:14:45.226794 [info ] [MainThread]: Error importing adapter: No module named 'dbt.adapters.snowflake'
[0m09:14:45.289226 [info ] [MainThread]: Using profiles dir at /home/agung_msbu/.dbt
[0m09:14:45.289775 [info ] [MainThread]: Using profiles.yml file at /home/agung_msbu/.dbt/profiles.yml
[0m09:14:45.290142 [info ] [MainThread]: Using dbt_project.yml file at /home/agung_msbu/personal/projects/postgres-duckdb-etl-dbt/dbt_project.yml
[0m09:14:45.290651 [info ] [MainThread]: Configuration:
[0m09:14:45.291111 [info ] [MainThread]:   profiles.yml file [[31mERROR invalid[0m]
[0m09:14:45.291489 [info ] [MainThread]:   dbt_project.yml file [[31mERROR not found[0m]
[0m09:14:45.291942 [info ] [MainThread]: Required dependencies:
[0m09:14:45.292393 [debug] [MainThread]: Executing "git --help"
[0m09:14:45.307301 [debug] [MainThread]: STDOUT: "b"usage: git [--version] [--help] [-C <path>] [-c <name>=<value>]\n           [--exec-path[=<path>]] [--html-path] [--man-path] [--info-path]\n           [-p | --paginate | -P | --no-pager] [--no-replace-objects] [--bare]\n           [--git-dir=<path>] [--work-tree=<path>] [--namespace=<name>]\n           [--super-prefix=<path>] [--config-env=<name>=<envvar>]\n           <command> [<args>]\n\nThese are common Git commands used in various situations:\n\nstart a working area (see also: git help tutorial)\n   clone     Clone a repository into a new directory\n   init      Create an empty Git repository or reinitialize an existing one\n\nwork on the current change (see also: git help everyday)\n   add       Add file contents to the index\n   mv        Move or rename a file, a directory, or a symlink\n   restore   Restore working tree files\n   rm        Remove files from the working tree and from the index\n\nexamine the history and state (see also: git help revisions)\n   bisect    Use binary search to find the commit that introduced a bug\n   diff      Show changes between commits, commit and working tree, etc\n   grep      Print lines matching a pattern\n   log       Show commit logs\n   show      Show various types of objects\n   status    Show the working tree status\n\ngrow, mark and tweak your common history\n   branch    List, create, or delete branches\n   commit    Record changes to the repository\n   merge     Join two or more development histories together\n   rebase    Reapply commits on top of another base tip\n   reset     Reset current HEAD to the specified state\n   switch    Switch branches\n   tag       Create, list, delete or verify a tag object signed with GPG\n\ncollaborate (see also: git help workflows)\n   fetch     Download objects and refs from another repository\n   pull      Fetch from and integrate with another repository or a local branch\n   push      Update remote refs along with associated objects\n\n'git help -a' and 'git help -g' list available subcommands and some\nconcept guides. See 'git help <command>' or 'git help <concept>'\nto read about a specific subcommand or concept.\nSee 'git help git' for an overview of the system.\n""
[0m09:14:45.307799 [debug] [MainThread]: STDERR: "b''"
[0m09:14:45.308106 [info ] [MainThread]:  - git [[32mOK found[0m]

[0m09:14:45.308407 [info ] [MainThread]: Connection test skipped since no profile was found
[0m09:14:45.308896 [info ] [MainThread]: [31m2 checks failed:[0m
[0m09:14:45.309200 [info ] [MainThread]: Could not load dbt_project.yml
Profile loading failed for the following reason:
Runtime Error
  Credentials in profile "cosmosproject", target "dev" invalid: Runtime Error
    Could not find adapter type snowflake!

Runtime Error
  Credentials in profile "cosmosproject2", target "dev" invalid: Runtime Error
    Could not find adapter type snowflake!


[0m09:14:45.309526 [info ] [MainThread]: Project loading failed for the following reason:
 project path </home/agung_msbu/personal/projects/postgres-duckdb-etl-dbt/dbt_project.yml> not found

[0m09:14:45.310266 [debug] [MainThread]: Resource report: {"command_name": "debug", "command_success": false, "command_wall_clock_time": 0.17571326, "process_in_blocks": "41240", "process_kernel_time": 0.076077, "process_mem_max_rss": "92964", "process_out_blocks": "16", "process_user_time": 1.141162}
[0m09:14:45.310692 [debug] [MainThread]: Command `dbt debug` failed at 09:14:45.310614 after 0.18 seconds
[0m09:14:45.310990 [debug] [MainThread]: Sending event: {'category': 'dbt', 'action': 'invocation', 'label': 'end', 'context': [<snowplow_tracker.self_describing_json.SelfDescribingJson object at 0x7feada519780>, <snowplow_tracker.self_describing_json.SelfDescribingJson object at 0x7fead9613fd0>, <snowplow_tracker.self_describing_json.SelfDescribingJson object at 0x7fead968bb50>]}
[0m09:14:45.311302 [debug] [MainThread]: Flushing usage events
[0m09:14:48.851790 [debug] [MainThread]: An error was encountered while trying to flush usage events
